<?xml version="1.0" encoding="UTF-8"?>
<coverage generated="1594367173927" clover="3.2.0">
  <project timestamp="1594367173927" name="All files">
    <metrics statements="55" coveredstatements="52" conditionals="16" coveredconditionals="13" methods="19" coveredmethods="19" elements="90" coveredelements="84" complexity="0" loc="55" ncloc="55" packages="1" files="2" classes="2"/>
    <file name="index.js" path="F:\Users\user\source\Practical_JS\index.js">
      <metrics statements="25" coveredstatements="25" conditionals="6" coveredconditionals="6" methods="3" coveredmethods="3"/>
      <line num="1" count="1" type="stmt"/>
      <line num="2" count="1" type="stmt"/>
      <line num="3" count="1" type="stmt"/>
      <line num="4" count="1" type="stmt"/>
      <line num="6" count="1" type="stmt"/>
      <line num="7" count="1" type="stmt"/>
      <line num="9" count="1" type="stmt"/>
      <line num="10" count="10" type="stmt"/>
      <line num="11" count="10" type="stmt"/>
      <line num="12" count="10" type="stmt"/>
      <line num="13" count="10" type="cond" truecount="4" falsecount="0"/>
      <line num="14" count="1" type="stmt"/>
      <line num="18" count="9" type="stmt"/>
      <line num="19" count="9" type="stmt"/>
      <line num="23" count="1" type="stmt"/>
      <line num="27" count="1" type="stmt"/>
      <line num="28" count="6" type="stmt"/>
      <line num="29" count="6" type="stmt"/>
      <line num="30" count="6" type="cond" truecount="2" falsecount="0"/>
      <line num="33" count="5" type="stmt"/>
      <line num="34" count="5" type="stmt"/>
      <line num="38" count="1" type="stmt"/>
      <line num="42" count="1" type="stmt"/>
      <line num="43" count="1" type="stmt"/>
      <line num="44" count="1" type="stmt"/>
    </file>
    <file name="operations.js" path="F:\Users\user\source\Practical_JS\operations.js">
      <metrics statements="30" coveredstatements="27" conditionals="10" coveredconditionals="7" methods="16" coveredmethods="16"/>
      <line num="1" count="2" type="stmt"/>
      <line num="3" count="2" type="stmt"/>
      <line num="5" count="2" type="stmt"/>
      <line num="7" count="2" type="stmt"/>
      <line num="8" count="2" type="cond" truecount="1" falsecount="1"/>
      <line num="9" count="2" type="stmt"/>
      <line num="11" count="0" type="stmt"/>
      <line num="15" count="2" type="stmt"/>
      <line num="17" count="2" type="stmt"/>
      <line num="18" count="2" type="cond" truecount="1" falsecount="1"/>
      <line num="19" count="2" type="stmt"/>
      <line num="21" count="0" type="stmt"/>
      <line num="25" count="2" type="stmt"/>
      <line num="27" count="2" type="stmt"/>
      <line num="31" count="2" type="stmt"/>
      <line num="33" count="2" type="stmt"/>
      <line num="35" count="2" type="stmt"/>
      <line num="37" count="2" type="stmt"/>
      <line num="38" count="2" type="cond" truecount="1" falsecount="1"/>
      <line num="39" count="2" type="stmt"/>
      <line num="42" count="0" type="stmt"/>
      <line num="46" count="2" type="stmt"/>
      <line num="57" count="2" type="stmt"/>
      <line num="64" count="2" type="stmt"/>
      <line num="65" count="25" type="stmt"/>
      <line num="66" count="25" type="cond" truecount="2" falsecount="0"/>
      <line num="70" count="2" type="stmt"/>
      <line num="71" count="13" type="stmt"/>
      <line num="72" count="13" type="cond" truecount="2" falsecount="0"/>
      <line num="74" count="2" type="stmt"/>
    </file>
  </project>
</coverage>
