{"F:\\Users\\user\\source\\Practical_JS\\index.js": {"path":"F:\\Users\\user\\source\\Practical_JS\\index.js","statementMap":{"0":{"start":{"line":1,"column":16},"end":{"line":1,"column":34}},"1":{"start":{"line":2,"column":19},"end":{"line":2,"column":41}},"2":{"start":{"line":3,"column":32},"end":{"line":3,"column":55}},"3":{"start":{"line":4,"column":31},"end":{"line":4,"column":54}},"4":{"start":{"line":6,"column":12},"end":{"line":6,"column":21}},"5":{"start":{"line":7,"column":0},"end":{"line":7,"column":27}},"6":{"start":{"line":9,"column":0},"end":{"line":25,"column":4}},"7":{"start":{"line":10,"column":47},"end":{"line":10,"column":59}},"8":{"start":{"line":11,"column":19},"end":{"line":11,"column":35}},"9":{"start":{"line":12,"column":20},"end":{"line":12,"column":37}},"10":{"start":{"line":13,"column":5},"end":{"line":25,"column":1}},"11":{"start":{"line":14,"column":8},"end":{"line":14,"column":54}},"12":{"start":{"line":18,"column":5},"end":{"line":24,"column":5}},"13":{"start":{"line":19,"column":8},"end":{"line":21,"column":75}},"14":{"start":{"line":23,"column":8},"end":{"line":23,"column":45}},"15":{"start":{"line":27,"column":0},"end":{"line":40,"column":4}},"16":{"start":{"line":28,"column":36},"end":{"line":28,"column":48}},"17":{"start":{"line":29,"column":19},"end":{"line":29,"column":35}},"18":{"start":{"line":30,"column":8},"end":{"line":40,"column":1}},"19":{"start":{"line":30,"column":34},"end":{"line":30,"column":79}},"20":{"start":{"line":33,"column":8},"end":{"line":39,"column":5}},"21":{"start":{"line":34,"column":8},"end":{"line":36,"column":61}},"22":{"start":{"line":38,"column":8},"end":{"line":38,"column":45}},"23":{"start":{"line":42,"column":0},"end":{"line":42,"column":21}},"24":{"start":{"line":43,"column":0},"end":{"line":45,"column":3}},"25":{"start":{"line":44,"column":4},"end":{"line":44,"column":57}}},"fnMap":{"0":{"name":"(anonymous_0)","decl":{"start":{"line":9,"column":22},"end":{"line":9,"column":23}},"loc":{"start":{"line":9,"column":50},"end":{"line":25,"column":2}},"line":9},"1":{"name":"(anonymous_1)","decl":{"start":{"line":27,"column":21},"end":{"line":27,"column":22}},"loc":{"start":{"line":27,"column":49},"end":{"line":40,"column":2}},"line":27},"2":{"name":"(anonymous_2)","decl":{"start":{"line":43,"column":17},"end":{"line":43,"column":18}},"loc":{"start":{"line":43,"column":23},"end":{"line":45,"column":1}},"line":43}},"branchMap":{"0":{"loc":{"start":{"line":13,"column":5},"end":{"line":25,"column":1}},"type":"if","locations":[{"start":{"line":13,"column":5},"end":{"line":25,"column":1}},{"start":{"line":13,"column":5},"end":{"line":25,"column":1}}],"line":13},"1":{"loc":{"start":{"line":13,"column":8},"end":{"line":13,"column":55}},"type":"binary-expr","locations":[{"start":{"line":13,"column":8},"end":{"line":13,"column":29}},{"start":{"line":13,"column":33},"end":{"line":13,"column":55}}],"line":13},"2":{"loc":{"start":{"line":30,"column":8},"end":{"line":40,"column":1}},"type":"if","locations":[{"start":{"line":30,"column":8},"end":{"line":40,"column":1}},{"start":{"line":30,"column":8},"end":{"line":40,"column":1}}],"line":30}},"s":{"0":1,"1":1,"2":1,"3":1,"4":1,"5":1,"6":1,"7":10,"8":10,"9":10,"10":10,"11":1,"12":9,"13":9,"14":1,"15":1,"16":6,"17":6,"18":6,"19":1,"20":5,"21":5,"22":1,"23":1,"24":1,"25":1},"f":{"0":10,"1":6,"2":1},"b":{"0":[1,9],"1":[10,9],"2":[1,5]},"_coverageSchema":"1a1c01bbd47fc00a2c39e90264f33305004495a9","hash":"4d678b5b2845254fe06ae84c10ffdfa0716f836f"}
,"F:\\Users\\user\\source\\Practical_JS\\operations.js": {"path":"F:\\Users\\user\\source\\Practical_JS\\operations.js","statementMap":{"0":{"start":{"line":1,"column":17},"end":{"line":1,"column":44}},"1":{"start":{"line":1,"column":33},"end":{"line":1,"column":44}},"2":{"start":{"line":3,"column":20},"end":{"line":3,"column":65}},"3":{"start":{"line":3,"column":45},"end":{"line":3,"column":65}},"4":{"start":{"line":5,"column":23},"end":{"line":5,"column":78}},"5":{"start":{"line":5,"column":53},"end":{"line":5,"column":78}},"6":{"start":{"line":7,"column":17},"end":{"line":13,"column":1}},"7":{"start":{"line":8,"column":4},"end":{"line":12,"column":5}},"8":{"start":{"line":9,"column":8},"end":{"line":9,"column":34}},"9":{"start":{"line":11,"column":8},"end":{"line":11,"column":50}},"10":{"start":{"line":15,"column":23},"end":{"line":15,"column":63}},"11":{"start":{"line":15,"column":41},"end":{"line":15,"column":63}},"12":{"start":{"line":17,"column":16},"end":{"line":23,"column":1}},"13":{"start":{"line":18,"column":4},"end":{"line":22,"column":5}},"14":{"start":{"line":19,"column":8},"end":{"line":19,"column":39}},"15":{"start":{"line":21,"column":8},"end":{"line":21,"column":54}},"16":{"start":{"line":25,"column":12},"end":{"line":25,"column":52}},"17":{"start":{"line":25,"column":30},"end":{"line":25,"column":52}},"18":{"start":{"line":27,"column":12},"end":{"line":27,"column":52}},"19":{"start":{"line":27,"column":30},"end":{"line":27,"column":52}},"20":{"start":{"line":31,"column":12},"end":{"line":31,"column":50}},"21":{"start":{"line":31,"column":23},"end":{"line":31,"column":50}},"22":{"start":{"line":33,"column":12},"end":{"line":33,"column":50}},"23":{"start":{"line":33,"column":23},"end":{"line":33,"column":50}},"24":{"start":{"line":35,"column":12},"end":{"line":35,"column":50}},"25":{"start":{"line":35,"column":23},"end":{"line":35,"column":50}},"26":{"start":{"line":37,"column":13},"end":{"line":44,"column":1}},"27":{"start":{"line":38,"column":1},"end":{"line":43,"column":2}},"28":{"start":{"line":39,"column":2},"end":{"line":39,"column":26}},"29":{"start":{"line":42,"column":2},"end":{"line":42,"column":46}},"30":{"start":{"line":46,"column":26},"end":{"line":55,"column":1}},"31":{"start":{"line":57,"column":25},"end":{"line":62,"column":1}},"32":{"start":{"line":64,"column":28},"end":{"line":67,"column":1}},"33":{"start":{"line":65,"column":22},"end":{"line":65,"column":49}},"34":{"start":{"line":66,"column":4},"end":{"line":66,"column":100}},"35":{"start":{"line":66,"column":57},"end":{"line":66,"column":97}},"36":{"start":{"line":70,"column":27},"end":{"line":73,"column":1}},"37":{"start":{"line":71,"column":22},"end":{"line":71,"column":48}},"38":{"start":{"line":72,"column":4},"end":{"line":72,"column":100}},"39":{"start":{"line":72,"column":57},"end":{"line":72,"column":97}},"40":{"start":{"line":74,"column":0},"end":{"line":74,"column":61}}},"fnMap":{"0":{"name":"(anonymous_0)","decl":{"start":{"line":1,"column":17},"end":{"line":1,"column":18}},"loc":{"start":{"line":1,"column":33},"end":{"line":1,"column":44}},"line":1},"1":{"name":"(anonymous_1)","decl":{"start":{"line":3,"column":20},"end":{"line":3,"column":21}},"loc":{"start":{"line":3,"column":45},"end":{"line":3,"column":65}},"line":3},"2":{"name":"(anonymous_2)","decl":{"start":{"line":5,"column":23},"end":{"line":5,"column":24}},"loc":{"start":{"line":5,"column":53},"end":{"line":5,"column":78}},"line":5},"3":{"name":"(anonymous_3)","decl":{"start":{"line":7,"column":17},"end":{"line":7,"column":18}},"loc":{"start":{"line":7,"column":40},"end":{"line":13,"column":1}},"line":7},"4":{"name":"(anonymous_4)","decl":{"start":{"line":15,"column":23},"end":{"line":15,"column":24}},"loc":{"start":{"line":15,"column":41},"end":{"line":15,"column":63}},"line":15},"5":{"name":"(anonymous_5)","decl":{"start":{"line":17,"column":16},"end":{"line":17,"column":17}},"loc":{"start":{"line":17,"column":36},"end":{"line":23,"column":1}},"line":17},"6":{"name":"(anonymous_6)","decl":{"start":{"line":25,"column":12},"end":{"line":25,"column":13}},"loc":{"start":{"line":25,"column":30},"end":{"line":25,"column":52}},"line":25},"7":{"name":"(anonymous_7)","decl":{"start":{"line":27,"column":12},"end":{"line":27,"column":13}},"loc":{"start":{"line":27,"column":30},"end":{"line":27,"column":52}},"line":27},"8":{"name":"(anonymous_8)","decl":{"start":{"line":31,"column":12},"end":{"line":31,"column":13}},"loc":{"start":{"line":31,"column":23},"end":{"line":31,"column":50}},"line":31},"9":{"name":"(anonymous_9)","decl":{"start":{"line":33,"column":12},"end":{"line":33,"column":13}},"loc":{"start":{"line":33,"column":23},"end":{"line":33,"column":50}},"line":33},"10":{"name":"(anonymous_10)","decl":{"start":{"line":35,"column":12},"end":{"line":35,"column":13}},"loc":{"start":{"line":35,"column":23},"end":{"line":35,"column":50}},"line":35},"11":{"name":"(anonymous_11)","decl":{"start":{"line":37,"column":13},"end":{"line":37,"column":14}},"loc":{"start":{"line":37,"column":24},"end":{"line":44,"column":1}},"line":37},"12":{"name":"(anonymous_12)","decl":{"start":{"line":64,"column":28},"end":{"line":64,"column":29}},"loc":{"start":{"line":64,"column":42},"end":{"line":67,"column":1}},"line":64},"13":{"name":"(anonymous_13)","decl":{"start":{"line":66,"column":49},"end":{"line":66,"column":50}},"loc":{"start":{"line":66,"column":55},"end":{"line":66,"column":99}},"line":66},"14":{"name":"(anonymous_14)","decl":{"start":{"line":70,"column":27},"end":{"line":70,"column":28}},"loc":{"start":{"line":70,"column":41},"end":{"line":73,"column":1}},"line":70},"15":{"name":"(anonymous_15)","decl":{"start":{"line":72,"column":49},"end":{"line":72,"column":50}},"loc":{"start":{"line":72,"column":55},"end":{"line":72,"column":99}},"line":72}},"branchMap":{"0":{"loc":{"start":{"line":8,"column":4},"end":{"line":12,"column":5}},"type":"if","locations":[{"start":{"line":8,"column":4},"end":{"line":12,"column":5}},{"start":{"line":8,"column":4},"end":{"line":12,"column":5}}],"line":8},"1":{"loc":{"start":{"line":18,"column":4},"end":{"line":22,"column":5}},"type":"if","locations":[{"start":{"line":18,"column":4},"end":{"line":22,"column":5}},{"start":{"line":18,"column":4},"end":{"line":22,"column":5}}],"line":18},"2":{"loc":{"start":{"line":38,"column":1},"end":{"line":43,"column":2}},"type":"if","locations":[{"start":{"line":38,"column":1},"end":{"line":43,"column":2}},{"start":{"line":38,"column":1},"end":{"line":43,"column":2}}],"line":38},"3":{"loc":{"start":{"line":66,"column":11},"end":{"line":66,"column":99}},"type":"cond-expr","locations":[{"start":{"line":66,"column":37},"end":{"line":66,"column":46}},{"start":{"line":66,"column":49},"end":{"line":66,"column":99}}],"line":66},"4":{"loc":{"start":{"line":72,"column":11},"end":{"line":72,"column":99}},"type":"cond-expr","locations":[{"start":{"line":72,"column":37},"end":{"line":72,"column":46}},{"start":{"line":72,"column":49},"end":{"line":72,"column":99}}],"line":72}},"s":{"0":2,"1":2,"2":2,"3":2,"4":2,"5":2,"6":2,"7":2,"8":2,"9":0,"10":2,"11":2,"12":2,"13":2,"14":2,"15":0,"16":2,"17":2,"18":2,"19":2,"20":2,"21":2,"22":2,"23":2,"24":2,"25":2,"26":2,"27":2,"28":2,"29":0,"30":2,"31":2,"32":2,"33":25,"34":25,"35":1,"36":2,"37":13,"38":13,"39":1,"40":2},"f":{"0":2,"1":2,"2":2,"3":2,"4":2,"5":2,"6":2,"7":2,"8":2,"9":2,"10":2,"11":2,"12":25,"13":1,"14":13,"15":1},"b":{"0":[2,0],"1":[2,0],"2":[2,0],"3":[24,1],"4":[12,1]},"_coverageSchema":"1a1c01bbd47fc00a2c39e90264f33305004495a9","hash":"119a2300f0014b34843ef13ac436e9cf3af43bfd"}
}
