TN:
SF:index.js
FN:9,(anonymous_0)
FN:27,(anonymous_1)
FN:43,(anonymous_2)
FNF:3
FNH:3
FNDA:10,(anonymous_0)
FNDA:6,(anonymous_1)
FNDA:1,(anonymous_2)
DA:1,1
DA:2,1
DA:3,1
DA:4,1
DA:6,1
DA:7,1
DA:9,1
DA:10,10
DA:11,10
DA:12,10
DA:13,10
DA:14,1
DA:18,9
DA:19,9
DA:23,1
DA:27,1
DA:28,6
DA:29,6
DA:30,6
DA:33,5
DA:34,5
DA:38,1
DA:42,1
DA:43,1
DA:44,1
LF:25
LH:25
BRDA:13,0,0,1
BRDA:13,0,1,9
BRDA:13,1,0,10
BRDA:13,1,1,9
BRDA:30,2,0,1
BRDA:30,2,1,5
BRF:6
BRH:6
end_of_record
TN:
SF:operations.js
FN:1,(anonymous_0)
FN:3,(anonymous_1)
FN:5,(anonymous_2)
FN:7,(anonymous_3)
FN:15,(anonymous_4)
FN:17,(anonymous_5)
FN:25,(anonymous_6)
FN:27,(anonymous_7)
FN:31,(anonymous_8)
FN:33,(anonymous_9)
FN:35,(anonymous_10)
FN:37,(anonymous_11)
FN:64,(anonymous_12)
FN:66,(anonymous_13)
FN:70,(anonymous_14)
FN:72,(anonymous_15)
FNF:16
FNH:16
FNDA:2,(anonymous_0)
FNDA:2,(anonymous_1)
FNDA:2,(anonymous_2)
FNDA:2,(anonymous_3)
FNDA:2,(anonymous_4)
FNDA:2,(anonymous_5)
FNDA:2,(anonymous_6)
FNDA:2,(anonymous_7)
FNDA:2,(anonymous_8)
FNDA:2,(anonymous_9)
FNDA:2,(anonymous_10)
FNDA:2,(anonymous_11)
FNDA:25,(anonymous_12)
FNDA:1,(anonymous_13)
FNDA:13,(anonymous_14)
FNDA:1,(anonymous_15)
DA:1,2
DA:3,2
DA:5,2
DA:7,2
DA:8,2
DA:9,2
DA:11,0
DA:15,2
DA:17,2
DA:18,2
DA:19,2
DA:21,0
DA:25,2
DA:27,2
DA:31,2
DA:33,2
DA:35,2
DA:37,2
DA:38,2
DA:39,2
DA:42,0
DA:46,2
DA:57,2
DA:64,2
DA:65,25
DA:66,25
DA:70,2
DA:71,13
DA:72,13
DA:74,2
LF:30
LH:27
BRDA:8,0,0,2
BRDA:8,0,1,0
BRDA:18,1,0,2
BRDA:18,1,1,0
BRDA:38,2,0,2
BRDA:38,2,1,0
BRDA:66,3,0,24
BRDA:66,3,1,1
BRDA:72,4,0,12
BRDA:72,4,1,1
BRF:10
BRH:7
end_of_record
